Namespace(T=1, annot='/home/yandex/DLW2021/pelegv/coco/annotations/captions_train2017.json', batch=4, checkpoint='checkpoint.pt', data='/home/yandex/DLW2021/pelegv/coco/train2017', load_vocab=True, overfit=True, progress=250, resume=False, v_thresh=5)
Shuffling dataset:False
loading annotations into memory...
Done (t=3.29s)
creating index...
index created!
Processed 1000 images and captions
Processed 2000 images and captions
Processed 3000 images and captions
Processed 4000 images and captions
Processed 5000 images and captions
Processed 6000 images and captions
Processed 7000 images and captions
Processed 8000 images and captions
Processed 9000 images and captions
Processed 10000 images and captions
Processed 11000 images and captions
Processed 12000 images and captions
Processed 13000 images and captions
Processed 14000 images and captions
Processed 15000 images and captions
Processed 16000 images and captions
Processed 17000 images and captions
Processed 18000 images and captions
Processed 19000 images and captions
Processed 20000 images and captions
Processed 21000 images and captions
Processed 22000 images and captions
Processed 23000 images and captions
Processed 24000 images and captions
Processed 25000 images and captions
Processed 26000 images and captions
Processed 27000 images and captions
Processed 28000 images and captions
Processed 29000 images and captions
Processed 30000 images and captions
Processed 31000 images and captions
Processed 32000 images and captions
Processed 33000 images and captions
Processed 34000 images and captions
Processed 35000 images and captions
Processed 36000 images and captions
Processed 37000 images and captions
Processed 38000 images and captions
Processed 39000 images and captions
Processed 40000 images and captions
Processed 41000 images and captions
Processed 42000 images and captions
Processed 43000 images and captions
Processed 44000 images and captions
Processed 45000 images and captions
Processed 46000 images and captions
Processed 47000 images and captions
Processed 48000 images and captions
Processed 49000 images and captions
Processed 50000 images and captions
Processed 51000 images and captions
Processed 52000 images and captions
Processed 53000 images and captions
Processed 54000 images and captions
Processed 55000 images and captions
Processed 56000 images and captions
Processed 57000 images and captions
Processed 58000 images and captions
Processed 59000 images and captions
Processed 60000 images and captions
Processed 61000 images and captions
Processed 62000 images and captions
Processed 63000 images and captions
Processed 64000 images and captions
Processed 65000 images and captions
Processed 66000 images and captions
Processed 67000 images and captions
Processed 68000 images and captions
Processed 69000 images and captions
Processed 70000 images and captions
Processed 71000 images and captions
Processed 72000 images and captions
Processed 73000 images and captions
Processed 74000 images and captions
Processed 75000 images and captions
Processed 76000 images and captions
Processed 77000 images and captions
Processed 78000 images and captions
Processed 79000 images and captions
Processed 80000 images and captions
Processed 81000 images and captions
Processed 82000 images and captions
Processed 83000 images and captions
Processed 84000 images and captions
Processed 85000 images and captions
Processed 86000 images and captions
Processed 87000 images and captions
Processed 88000 images and captions
Processed 89000 images and captions
Processed 90000 images and captions
Processed 91000 images and captions
Processed 92000 images and captions
Processed 93000 images and captions
Processed 94000 images and captions
Processed 95000 images and captions
Processed 96000 images and captions
Processed 97000 images and captions
Processed 98000 images and captions
Processed 99000 images and captions
Processed 100000 images and captions
Processed 101000 images and captions
Processed 102000 images and captions
Processed 103000 images and captions
Processed 104000 images and captions
Processed 105000 images and captions
Processed 106000 images and captions
Processed 107000 images and captions
Processed 108000 images and captions
Processed 109000 images and captions
Processed 110000 images and captions
Processed 111000 images and captions
Processed 112000 images and captions
Processed 113000 images and captions
Processed 114000 images and captions
Processed 115000 images and captions
Processed 116000 images and captions
Processed 117000 images and captions
Processed 118000 images and captions
Processed 119000 images and captions
Processed 120000 images and captions
Processed 121000 images and captions
Processed 122000 images and captions
Processed 123000 images and captions
Processed 124000 images and captions
Processed 125000 images and captions
Processed 126000 images and captions
Processed 127000 images and captions
Processed 128000 images and captions
Processed 129000 images and captions
Processed 130000 images and captions
Processed 131000 images and captions
Processed 132000 images and captions
Processed 133000 images and captions
Processed 134000 images and captions
Processed 135000 images and captions
Processed 136000 images and captions
Processed 137000 images and captions
Processed 138000 images and captions
Processed 139000 images and captions
Processed 140000 images and captions
Processed 141000 images and captions
Processed 142000 images and captions
Processed 143000 images and captions
Processed 144000 images and captions
Processed 145000 images and captions
Processed 146000 images and captions
Processed 147000 images and captions
Processed 148000 images and captions
Processed 149000 images and captions
Processed 150000 images and captions
Processed 151000 images and captions
Processed 152000 images and captions
Processed 153000 images and captions
Processed 154000 images and captions
Processed 155000 images and captions
Processed 156000 images and captions
Processed 157000 images and captions
Processed 158000 images and captions
Processed 159000 images and captions
Processed 160000 images and captions
Processed 161000 images and captions
Processed 162000 images and captions
Processed 163000 images and captions
Processed 164000 images and captions
Processed 165000 images and captions
Processed 166000 images and captions
Processed 167000 images and captions
Processed 168000 images and captions
Processed 169000 images and captions
Processed 170000 images and captions
Processed 171000 images and captions
Processed 172000 images and captions
Processed 173000 images and captions
Processed 174000 images and captions
Processed 175000 images and captions
Processed 176000 images and captions
Processed 177000 images and captions
Processed 178000 images and captions
Processed 179000 images and captions
Processed 180000 images and captions
Processed 181000 images and captions
Processed 182000 images and captions
Processed 183000 images and captions
Processed 184000 images and captions
Processed 185000 images and captions
Processed 186000 images and captions
Processed 187000 images and captions
Processed 188000 images and captions
Processed 189000 images and captions
Processed 190000 images and captions
Processed 191000 images and captions
Processed 192000 images and captions
Processed 193000 images and captions
Processed 194000 images and captions
Processed 195000 images and captions
Processed 196000 images and captions
Processed 197000 images and captions
Processed 198000 images and captions
Processed 199000 images and captions
Processed 200000 images and captions
Processed 201000 images and captions
Processed 202000 images and captions
Processed 203000 images and captions
Processed 204000 images and captions
Processed 205000 images and captions
Processed 206000 images and captions
Processed 207000 images and captions
Processed 208000 images and captions
Processed 209000 images and captions
Processed 210000 images and captions
Processed 211000 images and captions
Processed 212000 images and captions
Processed 213000 images and captions
Processed 214000 images and captions
Processed 215000 images and captions
Processed 216000 images and captions
Processed 217000 images and captions
Processed 218000 images and captions
Processed 219000 images and captions
Processed 220000 images and captions
Processed 221000 images and captions
Processed 222000 images and captions
Processed 223000 images and captions
Processed 224000 images and captions
Processed 225000 images and captions
Processed 226000 images and captions
Processed 227000 images and captions
Processed 228000 images and captions
Processed 229000 images and captions
Processed 230000 images and captions
Processed 231000 images and captions
Processed 232000 images and captions
Processed 233000 images and captions
Processed 234000 images and captions
Processed 235000 images and captions
Processed 236000 images and captions
Processed 237000 images and captions
Processed 238000 images and captions
Processed 239000 images and captions
Processed 240000 images and captions
Processed 241000 images and captions
Processed 242000 images and captions
Processed 243000 images and captions
Processed 244000 images and captions
Processed 245000 images and captions
Processed 246000 images and captions
Processed 247000 images and captions
Processed 248000 images and captions
Processed 249000 images and captions
Processed 250000 images and captions
Processed 251000 images and captions
Processed 252000 images and captions
Processed 253000 images and captions
Processed 254000 images and captions
Processed 255000 images and captions
Processed 256000 images and captions
Processed 257000 images and captions
Processed 258000 images and captions
Processed 259000 images and captions
Processed 260000 images and captions
Processed 261000 images and captions
Processed 262000 images and captions
Processed 263000 images and captions
Processed 264000 images and captions
Processed 265000 images and captions
Processed 266000 images and captions
Processed 267000 images and captions
Processed 268000 images and captions
Processed 269000 images and captions
Processed 270000 images and captions
Processed 271000 images and captions
Processed 272000 images and captions
Processed 273000 images and captions
Processed 274000 images and captions
Processed 275000 images and captions
Processed 276000 images and captions
Processed 277000 images and captions
Processed 278000 images and captions
Processed 279000 images and captions
Processed 280000 images and captions
Processed 281000 images and captions
Processed 282000 images and captions
Processed 283000 images and captions
Processed 284000 images and captions
Processed 285000 images and captions
Processed 286000 images and captions
Processed 287000 images and captions
Processed 288000 images and captions
Processed 289000 images and captions
Processed 290000 images and captions
Processed 291000 images and captions
Processed 292000 images and captions
Processed 293000 images and captions
Processed 294000 images and captions
Processed 295000 images and captions
Processed 296000 images and captions
Processed 297000 images and captions
Processed 298000 images and captions
Processed 299000 images and captions
Processed 300000 images and captions
Processed 301000 images and captions
Processed 302000 images and captions
Processed 303000 images and captions
Processed 304000 images and captions
Processed 305000 images and captions
Processed 306000 images and captions
Processed 307000 images and captions
Processed 308000 images and captions
Processed 309000 images and captions
Processed 310000 images and captions
Processed 311000 images and captions
Processed 312000 images and captions
Processed 313000 images and captions
Processed 314000 images and captions
Processed 315000 images and captions
Processed 316000 images and captions
Processed 317000 images and captions
Processed 318000 images and captions
Processed 319000 images and captions
Processed 320000 images and captions
Processed 321000 images and captions
Processed 322000 images and captions
Processed 323000 images and captions
Processed 324000 images and captions
Processed 325000 images and captions
Processed 326000 images and captions
Processed 327000 images and captions
Processed 328000 images and captions
Processed 329000 images and captions
Processed 330000 images and captions
Processed 331000 images and captions
Processed 332000 images and captions
Processed 333000 images and captions
Processed 334000 images and captions
Processed 335000 images and captions
Processed 336000 images and captions
Processed 337000 images and captions
Processed 338000 images and captions
Processed 339000 images and captions
Processed 340000 images and captions
Processed 341000 images and captions
Processed 342000 images and captions
Processed 343000 images and captions
Processed 344000 images and captions
Processed 345000 images and captions
Processed 346000 images and captions
Processed 347000 images and captions
Processed 348000 images and captions
Processed 349000 images and captions
Processed 350000 images and captions
Processed 351000 images and captions
Processed 352000 images and captions
Processed 353000 images and captions
Processed 354000 images and captions
Processed 355000 images and captions
Processed 356000 images and captions
Processed 357000 images and captions
Processed 358000 images and captions
Processed 359000 images and captions
Processed 360000 images and captions
Processed 361000 images and captions
Processed 362000 images and captions
Processed 363000 images and captions
Processed 364000 images and captions
Processed 365000 images and captions
Processed 366000 images and captions
Processed 367000 images and captions
Processed 368000 images and captions
Processed 369000 images and captions
Processed 370000 images and captions
Processed 371000 images and captions
Processed 372000 images and captions
Processed 373000 images and captions
Processed 374000 images and captions
Processed 375000 images and captions
Processed 376000 images and captions
Processed 377000 images and captions
Processed 378000 images and captions
Processed 379000 images and captions
Processed 380000 images and captions
Processed 381000 images and captions
Processed 382000 images and captions
Processed 383000 images and captions
Processed 384000 images and captions
Processed 385000 images and captions
Processed 386000 images and captions
Processed 387000 images and captions
Processed 388000 images and captions
Processed 389000 images and captions
Processed 390000 images and captions
Processed 391000 images and captions
Processed 392000 images and captions
Processed 393000 images and captions
Processed 394000 images and captions
Processed 395000 images and captions
Processed 396000 images and captions
Processed 397000 images and captions
Processed 398000 images and captions
Processed 399000 images and captions
Processed 400000 images and captions
Processed 401000 images and captions
Processed 402000 images and captions
Processed 403000 images and captions
Processed 404000 images and captions
Processed 405000 images and captions
Processed 406000 images and captions
Processed 407000 images and captions
Processed 408000 images and captions
Processed 409000 images and captions
Processed 410000 images and captions
Processed 411000 images and captions
Processed 412000 images and captions
Processed 413000 images and captions
Processed 414000 images and captions
Processed 415000 images and captions
Processed 416000 images and captions
Processed 417000 images and captions
Processed 418000 images and captions
Processed 419000 images and captions
Processed 420000 images and captions
Processed 421000 images and captions
Processed 422000 images and captions
Processed 423000 images and captions
Processed 424000 images and captions
Processed 425000 images and captions
Processed 426000 images and captions
Processed 427000 images and captions
Processed 428000 images and captions
Processed 429000 images and captions
Processed 430000 images and captions
Processed 431000 images and captions
Processed 432000 images and captions
Processed 433000 images and captions
Processed 434000 images and captions
Processed 435000 images and captions
Processed 436000 images and captions
Processed 437000 images and captions
Processed 438000 images and captions
Processed 439000 images and captions
Processed 440000 images and captions
Processed 441000 images and captions
Processed 442000 images and captions
Processed 443000 images and captions
Processed 444000 images and captions
Processed 445000 images and captions
Processed 446000 images and captions
Processed 447000 images and captions
Processed 448000 images and captions
Processed 449000 images and captions
Processed 450000 images and captions
Processed 451000 images and captions
Processed 452000 images and captions
Processed 453000 images and captions
Processed 454000 images and captions
Processed 455000 images and captions
Processed 456000 images and captions
Processed 457000 images and captions
Processed 458000 images and captions
Processed 459000 images and captions
Processed 460000 images and captions
Processed 461000 images and captions
Processed 462000 images and captions
Processed 463000 images and captions
Processed 464000 images and captions
Processed 465000 images and captions
Processed 466000 images and captions
Processed 467000 images and captions
Processed 468000 images and captions
Processed 469000 images and captions
Processed 470000 images and captions
Processed 471000 images and captions
Processed 472000 images and captions
Processed 473000 images and captions
Processed 474000 images and captions
Processed 475000 images and captions
Processed 476000 images and captions
Processed 477000 images and captions
Processed 478000 images and captions
Processed 479000 images and captions
Processed 480000 images and captions
Processed 481000 images and captions
Processed 482000 images and captions
Processed 483000 images and captions
Processed 484000 images and captions
Processed 485000 images and captions
Processed 486000 images and captions
Processed 487000 images and captions
Processed 488000 images and captions
Processed 489000 images and captions
Processed 490000 images and captions
Processed 491000 images and captions
Processed 492000 images and captions
Processed 493000 images and captions
Processed 494000 images and captions
Processed 495000 images and captions
Processed 496000 images and captions
Processed 497000 images and captions
Processed 498000 images and captions
Processed 499000 images and captions
Processed 500000 images and captions
Processed 501000 images and captions
Processed 502000 images and captions
Processed 503000 images and captions
Processed 504000 images and captions
Processed 505000 images and captions
Processed 506000 images and captions
Processed 507000 images and captions
Processed 508000 images and captions
Processed 509000 images and captions
Processed 510000 images and captions
Processed 511000 images and captions
Processed 512000 images and captions
Processed 513000 images and captions
Processed 514000 images and captions
Processed 515000 images and captions
Processed 516000 images and captions
Processed 517000 images and captions
Processed 518000 images and captions
Processed 519000 images and captions
Processed 520000 images and captions
Processed 521000 images and captions
Processed 522000 images and captions
Processed 523000 images and captions
Processed 524000 images and captions
Processed 525000 images and captions
Processed 526000 images and captions
Processed 527000 images and captions
Processed 528000 images and captions
Processed 529000 images and captions
Processed 530000 images and captions
Processed 531000 images and captions
Processed 532000 images and captions
Processed 533000 images and captions
Processed 534000 images and captions
Processed 535000 images and captions
Processed 536000 images and captions
Processed 537000 images and captions
Processed 538000 images and captions
Processed 539000 images and captions
Processed 540000 images and captions
Processed 541000 images and captions
Processed 542000 images and captions
Processed 543000 images and captions
Processed 544000 images and captions
Processed 545000 images and captions
Processed 546000 images and captions
Processed 547000 images and captions
Processed 548000 images and captions
Processed 549000 images and captions
Processed 550000 images and captions
Processed 551000 images and captions
Processed 552000 images and captions
Processed 553000 images and captions
Processed 554000 images and captions
Processed 555000 images and captions
Processed 556000 images and captions
Processed 557000 images and captions
Processed 558000 images and captions
Processed 559000 images and captions
Processed 560000 images and captions
Processed 561000 images and captions
Processed 562000 images and captions
Processed 563000 images and captions
Processed 564000 images and captions
Processed 565000 images and captions
Processed 566000 images and captions
Processed 567000 images and captions
Processed 568000 images and captions
Processed 569000 images and captions
Processed 570000 images and captions
Processed 571000 images and captions
Processed 572000 images and captions
Processed 573000 images and captions
Processed 574000 images and captions
Processed 575000 images and captions
Processed 576000 images and captions
Processed 577000 images and captions
Processed 578000 images and captions
Processed 579000 images and captions
Processed 580000 images and captions
Processed 581000 images and captions
Processed 582000 images and captions
Processed 583000 images and captions
Processed 584000 images and captions
Processed 585000 images and captions
Processed 586000 images and captions
Processed 587000 images and captions
Processed 588000 images and captions
Processed 589000 images and captions
Processed 590000 images and captions
Processed 591000 images and captions
Finished processing images and captions
Got:118287 pictures with 591753 captions!
Loaded vocabulary from vocab.pkl
Using 10216 words
Embed size:512
Hidden size:2096
CNNtoRNN(
  (encoderCNN): EncoderCNNV2(
    (cnn): Sequential(
      (0): Conv2d(3, 64, kernel_size=(7, 7), stride=(2, 2), padding=(3, 3), bias=False)
      (1): BatchNorm2d(64, eps=1e-05, momentum=0.1, affine=True, track_running_stats=True)
      (2): ReLU(inplace=True)
      (3): MaxPool2d(kernel_size=3, stride=2, padding=1, dilation=1, ceil_mode=False)
      (4): Sequential(
        (0): Bottleneck(
          (conv1): Conv2d(64, 64, kernel_size=(1, 1), stride=(1, 1), bias=False)
          (bn1): BatchNorm2d(64, eps=1e-05, momentum=0.1, affine=True, track_running_stats=True)
          (conv2): Conv2d(64, 64, kernel_size=(3, 3), stride=(1, 1), padding=(1, 1), bias=False)
          (bn2): BatchNorm2d(64, eps=1e-05, momentum=0.1, affine=True, track_running_stats=True)
          (conv3): Conv2d(64, 256, kernel_size=(1, 1), stride=(1, 1), bias=False)
          (bn3): BatchNorm2d(256, eps=1e-05, momentum=0.1, affine=True, track_running_stats=True)
          (relu): ReLU(inplace=True)
          (downsample): Sequential(
            (0): Conv2d(64, 256, kernel_size=(1, 1), stride=(1, 1), bias=False)
            (1): BatchNorm2d(256, eps=1e-05, momentum=0.1, affine=True, track_running_stats=True)
          )
        )
        (1): Bottleneck(
          (conv1): Conv2d(256, 64, kernel_size=(1, 1), stride=(1, 1), bias=False)
          (bn1): BatchNorm2d(64, eps=1e-05, momentum=0.1, affine=True, track_running_stats=True)
          (conv2): Conv2d(64, 64, kernel_size=(3, 3), stride=(1, 1), padding=(1, 1), bias=False)
          (bn2): BatchNorm2d(64, eps=1e-05, momentum=0.1, affine=True, track_running_stats=True)
          (conv3): Conv2d(64, 256, kernel_size=(1, 1), stride=(1, 1), bias=False)
          (bn3): BatchNorm2d(256, eps=1e-05, momentum=0.1, affine=True, track_running_stats=True)
          (relu): ReLU(inplace=True)
        )
        (2): Bottleneck(
          (conv1): Conv2d(256, 64, kernel_size=(1, 1), stride=(1, 1), bias=False)
          (bn1): BatchNorm2d(64, eps=1e-05, momentum=0.1, affine=True, track_running_stats=True)
          (conv2): Conv2d(64, 64, kernel_size=(3, 3), stride=(1, 1), padding=(1, 1), bias=False)
          (bn2): BatchNorm2d(64, eps=1e-05, momentum=0.1, affine=True, track_running_stats=True)
          (conv3): Conv2d(64, 256, kernel_size=(1, 1), stride=(1, 1), bias=False)
          (bn3): BatchNorm2d(256, eps=1e-05, momentum=0.1, affine=True, track_running_stats=True)
          (relu): ReLU(inplace=True)
        )
      )
      (5): Sequential(
        (0): Bottleneck(
          (conv1): Conv2d(256, 128, kernel_size=(1, 1), stride=(1, 1), bias=False)
          (bn1): BatchNorm2d(128, eps=1e-05, momentum=0.1, affine=True, track_running_stats=True)
          (conv2): Conv2d(128, 128, kernel_size=(3, 3), stride=(2, 2), padding=(1, 1), bias=False)
          (bn2): BatchNorm2d(128, eps=1e-05, momentum=0.1, affine=True, track_running_stats=True)
          (conv3): Conv2d(128, 512, kernel_size=(1, 1), stride=(1, 1), bias=False)
          (bn3): BatchNorm2d(512, eps=1e-05, momentum=0.1, affine=True, track_running_stats=True)
          (relu): ReLU(inplace=True)
          (downsample): Sequential(
            (0): Conv2d(256, 512, kernel_size=(1, 1), stride=(2, 2), bias=False)
            (1): BatchNorm2d(512, eps=1e-05, momentum=0.1, affine=True, track_running_stats=True)
          )
        )
        (1): Bottleneck(
          (conv1): Conv2d(512, 128, kernel_size=(1, 1), stride=(1, 1), bias=False)
          (bn1): BatchNorm2d(128, eps=1e-05, momentum=0.1, affine=True, track_running_stats=True)
          (conv2): Conv2d(128, 128, kernel_size=(3, 3), stride=(1, 1), padding=(1, 1), bias=False)
          (bn2): BatchNorm2d(128, eps=1e-05, momentum=0.1, affine=True, track_running_stats=True)
          (conv3): Conv2d(128, 512, kernel_size=(1, 1), stride=(1, 1), bias=False)
          (bn3): BatchNorm2d(512, eps=1e-05, momentum=0.1, affine=True, track_running_stats=True)
          (relu): ReLU(inplace=True)
        )
        (2): Bottleneck(
          (conv1): Conv2d(512, 128, kernel_size=(1, 1), stride=(1, 1), bias=False)
          (bn1): BatchNorm2d(128, eps=1e-05, momentum=0.1, affine=True, track_running_stats=True)
          (conv2): Conv2d(128, 128, kernel_size=(3, 3), stride=(1, 1), padding=(1, 1), bias=False)
          (bn2): BatchNorm2d(128, eps=1e-05, momentum=0.1, affine=True, track_running_stats=True)
          (conv3): Conv2d(128, 512, kernel_size=(1, 1), stride=(1, 1), bias=False)
          (bn3): BatchNorm2d(512, eps=1e-05, momentum=0.1, affine=True, track_running_stats=True)
          (relu): ReLU(inplace=True)
        )
        (3): Bottleneck(
          (conv1): Conv2d(512, 128, kernel_size=(1, 1), stride=(1, 1), bias=False)
          (bn1): BatchNorm2d(128, eps=1e-05, momentum=0.1, affine=True, track_running_stats=True)
          (conv2): Conv2d(128, 128, kernel_size=(3, 3), stride=(1, 1), padding=(1, 1), bias=False)
          (bn2): BatchNorm2d(128, eps=1e-05, momentum=0.1, affine=True, track_running_stats=True)
          (conv3): Conv2d(128, 512, kernel_size=(1, 1), stride=(1, 1), bias=False)
          (bn3): BatchNorm2d(512, eps=1e-05, momentum=0.1, affine=True, track_running_stats=True)
          (relu): ReLU(inplace=True)
        )
        (4): Bottleneck(
          (conv1): Conv2d(512, 128, kernel_size=(1, 1), stride=(1, 1), bias=False)
          (bn1): BatchNorm2d(128, eps=1e-05, momentum=0.1, affine=True, track_running_stats=True)
          (conv2): Conv2d(128, 128, kernel_size=(3, 3), stride=(1, 1), padding=(1, 1), bias=False)
          (bn2): BatchNorm2d(128, eps=1e-05, momentum=0.1, affine=True, track_running_stats=True)
          (conv3): Conv2d(128, 512, kernel_size=(1, 1), stride=(1, 1), bias=False)
          (bn3): BatchNorm2d(512, eps=1e-05, momentum=0.1, affine=True, track_running_stats=True)
          (relu): ReLU(inplace=True)
        )
        (5): Bottleneck(
          (conv1): Conv2d(512, 128, kernel_size=(1, 1), stride=(1, 1), bias=False)
          (bn1): BatchNorm2d(128, eps=1e-05, momentum=0.1, affine=True, track_running_stats=True)
          (conv2): Conv2d(128, 128, kernel_size=(3, 3), stride=(1, 1), padding=(1, 1), bias=False)
          (bn2): BatchNorm2d(128, eps=1e-05, momentum=0.1, affine=True, track_running_stats=True)
          (conv3): Conv2d(128, 512, kernel_size=(1, 1), stride=(1, 1), bias=False)
          (bn3): BatchNorm2d(512, eps=1e-05, momentum=0.1, affine=True, track_running_stats=True)
          (relu): ReLU(inplace=True)
        )
        (6): Bottleneck(
          (conv1): Conv2d(512, 128, kernel_size=(1, 1), stride=(1, 1), bias=False)
          (bn1): BatchNorm2d(128, eps=1e-05, momentum=0.1, affine=True, track_running_stats=True)
          (conv2): Conv2d(128, 128, kernel_size=(3, 3), stride=(1, 1), padding=(1, 1), bias=False)
          (bn2): BatchNorm2d(128, eps=1e-05, momentum=0.1, affine=True, track_running_stats=True)
          (conv3): Conv2d(128, 512, kernel_size=(1, 1), stride=(1, 1), bias=False)
          (bn3): BatchNorm2d(512, eps=1e-05, momentum=0.1, affine=True, track_running_stats=True)
          (relu): ReLU(inplace=True)
        )
        (7): Bottleneck(
          (conv1): Conv2d(512, 128, kernel_size=(1, 1), stride=(1, 1), bias=False)
          (bn1): BatchNorm2d(128, eps=1e-05, momentum=0.1, affine=True, track_running_stats=True)
          (conv2): Conv2d(128, 128, kernel_size=(3, 3), stride=(1, 1), padding=(1, 1), bias=False)
          (bn2): BatchNorm2d(128, eps=1e-05, momentum=0.1, affine=True, track_running_stats=True)
          (conv3): Conv2d(128, 512, kernel_size=(1, 1), stride=(1, 1), bias=False)
          (bn3): BatchNorm2d(512, eps=1e-05, momentum=0.1, affine=True, track_running_stats=True)
          (relu): ReLU(inplace=True)
        )
      )
      (6): Sequential(
        (0): Bottleneck(
          (conv1): Conv2d(512, 256, kernel_size=(1, 1), stride=(1, 1), bias=False)
          (bn1): BatchNorm2d(256, eps=1e-05, momentum=0.1, affine=True, track_running_stats=True)
          (conv2): Conv2d(256, 256, kernel_size=(3, 3), stride=(2, 2), padding=(1, 1), bias=False)
          (bn2): BatchNorm2d(256, eps=1e-05, momentum=0.1, affine=True, track_running_stats=True)
          (conv3): Conv2d(256, 1024, kernel_size=(1, 1), stride=(1, 1), bias=False)
          (bn3): BatchNorm2d(1024, eps=1e-05, momentum=0.1, affine=True, track_running_stats=True)
          (relu): ReLU(inplace=True)
          (downsample): Sequential(
            (0): Conv2d(512, 1024, kernel_size=(1, 1), stride=(2, 2), bias=False)
            (1): BatchNorm2d(1024, eps=1e-05, momentum=0.1, affine=True, track_running_stats=True)
          )
        )
        (1): Bottleneck(
          (conv1): Conv2d(1024, 256, kernel_size=(1, 1), stride=(1, 1), bias=False)
          (bn1): BatchNorm2d(256, eps=1e-05, momentum=0.1, affine=True, track_running_stats=True)
          (conv2): Conv2d(256, 256, kernel_size=(3, 3), stride=(1, 1), padding=(1, 1), bias=False)
          (bn2): BatchNorm2d(256, eps=1e-05, momentum=0.1, affine=True, track_running_stats=True)
          (conv3): Conv2d(256, 1024, kernel_size=(1, 1), stride=(1, 1), bias=False)
          (bn3): BatchNorm2d(1024, eps=1e-05, momentum=0.1, affine=True, track_running_stats=True)
          (relu): ReLU(inplace=True)
        )
        (2): Bottleneck(
          (conv1): Conv2d(1024, 256, kernel_size=(1, 1), stride=(1, 1), bias=False)
          (bn1): BatchNorm2d(256, eps=1e-05, momentum=0.1, affine=True, track_running_stats=True)
          (conv2): Conv2d(256, 256, kernel_size=(3, 3), stride=(1, 1), padding=(1, 1), bias=False)
          (bn2): BatchNorm2d(256, eps=1e-05, momentum=0.1, affine=True, track_running_stats=True)
          (conv3): Conv2d(256, 1024, kernel_size=(1, 1), stride=(1, 1), bias=False)
          (bn3): BatchNorm2d(1024, eps=1e-05, momentum=0.1, affine=True, track_running_stats=True)
          (relu): ReLU(inplace=True)
        )
        (3): Bottleneck(
          (conv1): Conv2d(1024, 256, kernel_size=(1, 1), stride=(1, 1), bias=False)
          (bn1): BatchNorm2d(256, eps=1e-05, momentum=0.1, affine=True, track_running_stats=True)
          (conv2): Conv2d(256, 256, kernel_size=(3, 3), stride=(1, 1), padding=(1, 1), bias=False)
          (bn2): BatchNorm2d(256, eps=1e-05, momentum=0.1, affine=True, track_running_stats=True)
          (conv3): Conv2d(256, 1024, kernel_size=(1, 1), stride=(1, 1), bias=False)
          (bn3): BatchNorm2d(1024, eps=1e-05, momentum=0.1, affine=True, track_running_stats=True)
          (relu): ReLU(inplace=True)
        )
        (4): Bottleneck(
          (conv1): Conv2d(1024, 256, kernel_size=(1, 1), stride=(1, 1), bias=False)
          (bn1): BatchNorm2d(256, eps=1e-05, momentum=0.1, affine=True, track_running_stats=True)
          (conv2): Conv2d(256, 256, kernel_size=(3, 3), stride=(1, 1), padding=(1, 1), bias=False)
          (bn2): BatchNorm2d(256, eps=1e-05, momentum=0.1, affine=True, track_running_stats=True)
          (conv3): Conv2d(256, 1024, kernel_size=(1, 1), stride=(1, 1), bias=False)
          (bn3): BatchNorm2d(1024, eps=1e-05, momentum=0.1, affine=True, track_running_stats=True)
          (relu): ReLU(inplace=True)
        )
        (5): Bottleneck(
          (conv1): Conv2d(1024, 256, kernel_size=(1, 1), stride=(1, 1), bias=False)
          (bn1): BatchNorm2d(256, eps=1e-05, momentum=0.1, affine=True, track_running_stats=True)
          (conv2): Conv2d(256, 256, kernel_size=(3, 3), stride=(1, 1), padding=(1, 1), bias=False)
          (bn2): BatchNorm2d(256, eps=1e-05, momentum=0.1, affine=True, track_running_stats=True)
          (conv3): Conv2d(256, 1024, kernel_size=(1, 1), stride=(1, 1), bias=False)
          (bn3): BatchNorm2d(1024, eps=1e-05, momentum=0.1, affine=True, track_running_stats=True)
          (relu): ReLU(inplace=True)
        )
        (6): Bottleneck(
          (conv1): Conv2d(1024, 256, kernel_size=(1, 1), stride=(1, 1), bias=False)
          (bn1): BatchNorm2d(256, eps=1e-05, momentum=0.1, affine=True, track_running_stats=True)
          (conv2): Conv2d(256, 256, kernel_size=(3, 3), stride=(1, 1), padding=(1, 1), bias=False)
          (bn2): BatchNorm2d(256, eps=1e-05, momentum=0.1, affine=True, track_running_stats=True)
          (conv3): Conv2d(256, 1024, kernel_size=(1, 1), stride=(1, 1), bias=False)
          (bn3): BatchNorm2d(1024, eps=1e-05, momentum=0.1, affine=True, track_running_stats=True)
          (relu): ReLU(inplace=True)
        )
        (7): Bottleneck(
          (conv1): Conv2d(1024, 256, kernel_size=(1, 1), stride=(1, 1), bias=False)
          (bn1): BatchNorm2d(256, eps=1e-05, momentum=0.1, affine=True, track_running_stats=True)
          (conv2): Conv2d(256, 256, kernel_size=(3, 3), stride=(1, 1), padding=(1, 1), bias=False)
          (bn2): BatchNorm2d(256, eps=1e-05, momentum=0.1, affine=True, track_running_stats=True)
          (conv3): Conv2d(256, 1024, kernel_size=(1, 1), stride=(1, 1), bias=False)
          (bn3): BatchNorm2d(1024, eps=1e-05, momentum=0.1, affine=True, track_running_stats=True)
          (relu): ReLU(inplace=True)
        )
        (8): Bottleneck(
          (conv1): Conv2d(1024, 256, kernel_size=(1, 1), stride=(1, 1), bias=False)
          (bn1): BatchNorm2d(256, eps=1e-05, momentum=0.1, affine=True, track_running_stats=True)
          (conv2): Conv2d(256, 256, kernel_size=(3, 3), stride=(1, 1), padding=(1, 1), bias=False)
          (bn2): BatchNorm2d(256, eps=1e-05, momentum=0.1, affine=True, track_running_stats=True)
          (conv3): Conv2d(256, 1024, kernel_size=(1, 1), stride=(1, 1), bias=False)
          (bn3): BatchNorm2d(1024, eps=1e-05, momentum=0.1, affine=True, track_running_stats=True)
          (relu): ReLU(inplace=True)
        )
        (9): Bottleneck(
          (conv1): Conv2d(1024, 256, kernel_size=(1, 1), stride=(1, 1), bias=False)
          (bn1): BatchNorm2d(256, eps=1e-05, momentum=0.1, affine=True, track_running_stats=True)
          (conv2): Conv2d(256, 256, kernel_size=(3, 3), stride=(1, 1), padding=(1, 1), bias=False)
          (bn2): BatchNorm2d(256, eps=1e-05, momentum=0.1, affine=True, track_running_stats=True)
          (conv3): Conv2d(256, 1024, kernel_size=(1, 1), stride=(1, 1), bias=False)
          (bn3): BatchNorm2d(1024, eps=1e-05, momentum=0.1, affine=True, track_running_stats=True)
          (relu): ReLU(inplace=True)
        )
        (10): Bottleneck(
          (conv1): Conv2d(1024, 256, kernel_size=(1, 1), stride=(1, 1), bias=False)
          (bn1): BatchNorm2d(256, eps=1e-05, momentum=0.1, affine=True, track_running_stats=True)
          (conv2): Conv2d(256, 256, kernel_size=(3, 3), stride=(1, 1), padding=(1, 1), bias=False)
          (bn2): BatchNorm2d(256, eps=1e-05, momentum=0.1, affine=True, track_running_stats=True)
          (conv3): Conv2d(256, 1024, kernel_size=(1, 1), stride=(1, 1), bias=False)
          (bn3): BatchNorm2d(1024, eps=1e-05, momentum=0.1, affine=True, track_running_stats=True)
          (relu): ReLU(inplace=True)
        )
        (11): Bottleneck(
          (conv1): Conv2d(1024, 256, kernel_size=(1, 1), stride=(1, 1), bias=False)
          (bn1): BatchNorm2d(256, eps=1e-05, momentum=0.1, affine=True, track_running_stats=True)
          (conv2): Conv2d(256, 256, kernel_size=(3, 3), stride=(1, 1), padding=(1, 1), bias=False)
          (bn2): BatchNorm2d(256, eps=1e-05, momentum=0.1, affine=True, track_running_stats=True)
          (conv3): Conv2d(256, 1024, kernel_size=(1, 1), stride=(1, 1), bias=False)
          (bn3): BatchNorm2d(1024, eps=1e-05, momentum=0.1, affine=True, track_running_stats=True)
          (relu): ReLU(inplace=True)
        )
        (12): Bottleneck(
          (conv1): Conv2d(1024, 256, kernel_size=(1, 1), stride=(1, 1), bias=False)
          (bn1): BatchNorm2d(256, eps=1e-05, momentum=0.1, affine=True, track_running_stats=True)
          (conv2): Conv2d(256, 256, kernel_size=(3, 3), stride=(1, 1), padding=(1, 1), bias=False)
          (bn2): BatchNorm2d(256, eps=1e-05, momentum=0.1, affine=True, track_running_stats=True)
          (conv3): Conv2d(256, 1024, kernel_size=(1, 1), stride=(1, 1), bias=False)
          (bn3): BatchNorm2d(1024, eps=1e-05, momentum=0.1, affine=True, track_running_stats=True)
          (relu): ReLU(inplace=True)
        )
        (13): Bottleneck(
          (conv1): Conv2d(1024, 256, kernel_size=(1, 1), stride=(1, 1), bias=False)
          (bn1): BatchNorm2d(256, eps=1e-05, momentum=0.1, affine=True, track_running_stats=True)
          (conv2): Conv2d(256, 256, kernel_size=(3, 3), stride=(1, 1), padding=(1, 1), bias=False)
          (bn2): BatchNorm2d(256, eps=1e-05, momentum=0.1, affine=True, track_running_stats=True)
          (conv3): Conv2d(256, 1024, kernel_size=(1, 1), stride=(1, 1), bias=False)
          (bn3): BatchNorm2d(1024, eps=1e-05, momentum=0.1, affine=True, track_running_stats=True)
          (relu): ReLU(inplace=True)
        )
        (14): Bottleneck(
          (conv1): Conv2d(1024, 256, kernel_size=(1, 1), stride=(1, 1), bias=False)
          (bn1): BatchNorm2d(256, eps=1e-05, momentum=0.1, affine=True, track_running_stats=True)
          (conv2): Conv2d(256, 256, kernel_size=(3, 3), stride=(1, 1), padding=(1, 1), bias=False)
          (bn2): BatchNorm2d(256, eps=1e-05, momentum=0.1, affine=True, track_running_stats=True)
          (conv3): Conv2d(256, 1024, kernel_size=(1, 1), stride=(1, 1), bias=False)
          (bn3): BatchNorm2d(1024, eps=1e-05, momentum=0.1, affine=True, track_running_stats=True)
          (relu): ReLU(inplace=True)
        )
        (15): Bottleneck(
          (conv1): Conv2d(1024, 256, kernel_size=(1, 1), stride=(1, 1), bias=False)
          (bn1): BatchNorm2d(256, eps=1e-05, momentum=0.1, affine=True, track_running_stats=True)
          (conv2): Conv2d(256, 256, kernel_size=(3, 3), stride=(1, 1), padding=(1, 1), bias=False)
          (bn2): BatchNorm2d(256, eps=1e-05, momentum=0.1, affine=True, track_running_stats=True)
          (conv3): Conv2d(256, 1024, kernel_size=(1, 1), stride=(1, 1), bias=False)
          (bn3): BatchNorm2d(1024, eps=1e-05, momentum=0.1, affine=True, track_running_stats=True)
          (relu): ReLU(inplace=True)
        )
        (16): Bottleneck(
          (conv1): Conv2d(1024, 256, kernel_size=(1, 1), stride=(1, 1), bias=False)
          (bn1): BatchNorm2d(256, eps=1e-05, momentum=0.1, affine=True, track_running_stats=True)
          (conv2): Conv2d(256, 256, kernel_size=(3, 3), stride=(1, 1), padding=(1, 1), bias=False)
          (bn2): BatchNorm2d(256, eps=1e-05, momentum=0.1, affine=True, track_running_stats=True)
          (conv3): Conv2d(256, 1024, kernel_size=(1, 1), stride=(1, 1), bias=False)
          (bn3): BatchNorm2d(1024, eps=1e-05, momentum=0.1, affine=True, track_running_stats=True)
          (relu): ReLU(inplace=True)
        )
        (17): Bottleneck(
          (conv1): Conv2d(1024, 256, kernel_size=(1, 1), stride=(1, 1), bias=False)
          (bn1): BatchNorm2d(256, eps=1e-05, momentum=0.1, affine=True, track_running_stats=True)
          (conv2): Conv2d(256, 256, kernel_size=(3, 3), stride=(1, 1), padding=(1, 1), bias=False)
          (bn2): BatchNorm2d(256, eps=1e-05, momentum=0.1, affine=True, track_running_stats=True)
          (conv3): Conv2d(256, 1024, kernel_size=(1, 1), stride=(1, 1), bias=False)
          (bn3): BatchNorm2d(1024, eps=1e-05, momentum=0.1, affine=True, track_running_stats=True)
          (relu): ReLU(inplace=True)
        )
        (18): Bottleneck(
          (conv1): Conv2d(1024, 256, kernel_size=(1, 1), stride=(1, 1), bias=False)
          (bn1): BatchNorm2d(256, eps=1e-05, momentum=0.1, affine=True, track_running_stats=True)
          (conv2): Conv2d(256, 256, kernel_size=(3, 3), stride=(1, 1), padding=(1, 1), bias=False)
          (bn2): BatchNorm2d(256, eps=1e-05, momentum=0.1, affine=True, track_running_stats=True)
          (conv3): Conv2d(256, 1024, kernel_size=(1, 1), stride=(1, 1), bias=False)
          (bn3): BatchNorm2d(1024, eps=1e-05, momentum=0.1, affine=True, track_running_stats=True)
          (relu): ReLU(inplace=True)
        )
        (19): Bottleneck(
          (conv1): Conv2d(1024, 256, kernel_size=(1, 1), stride=(1, 1), bias=False)
          (bn1): BatchNorm2d(256, eps=1e-05, momentum=0.1, affine=True, track_running_stats=True)
          (conv2): Conv2d(256, 256, kernel_size=(3, 3), stride=(1, 1), padding=(1, 1), bias=False)
          (bn2): BatchNorm2d(256, eps=1e-05, momentum=0.1, affine=True, track_running_stats=True)
          (conv3): Conv2d(256, 1024, kernel_size=(1, 1), stride=(1, 1), bias=False)
          (bn3): BatchNorm2d(1024, eps=1e-05, momentum=0.1, affine=True, track_running_stats=True)
          (relu): ReLU(inplace=True)
        )
        (20): Bottleneck(
          (conv1): Conv2d(1024, 256, kernel_size=(1, 1), stride=(1, 1), bias=False)
          (bn1): BatchNorm2d(256, eps=1e-05, momentum=0.1, affine=True, track_running_stats=True)
          (conv2): Conv2d(256, 256, kernel_size=(3, 3), stride=(1, 1), padding=(1, 1), bias=False)
          (bn2): BatchNorm2d(256, eps=1e-05, momentum=0.1, affine=True, track_running_stats=True)
          (conv3): Conv2d(256, 1024, kernel_size=(1, 1), stride=(1, 1), bias=False)
          (bn3): BatchNorm2d(1024, eps=1e-05, momentum=0.1, affine=True, track_running_stats=True)
          (relu): ReLU(inplace=True)
        )
        (21): Bottleneck(
          (conv1): Conv2d(1024, 256, kernel_size=(1, 1), stride=(1, 1), bias=False)
          (bn1): BatchNorm2d(256, eps=1e-05, momentum=0.1, affine=True, track_running_stats=True)
          (conv2): Conv2d(256, 256, kernel_size=(3, 3), stride=(1, 1), padding=(1, 1), bias=False)
          (bn2): BatchNorm2d(256, eps=1e-05, momentum=0.1, affine=True, track_running_stats=True)
          (conv3): Conv2d(256, 1024, kernel_size=(1, 1), stride=(1, 1), bias=False)
          (bn3): BatchNorm2d(1024, eps=1e-05, momentum=0.1, affine=True, track_running_stats=True)
          (relu): ReLU(inplace=True)
        )
        (22): Bottleneck(
          (conv1): Conv2d(1024, 256, kernel_size=(1, 1), stride=(1, 1), bias=False)
          (bn1): BatchNorm2d(256, eps=1e-05, momentum=0.1, affine=True, track_running_stats=True)
          (conv2): Conv2d(256, 256, kernel_size=(3, 3), stride=(1, 1), padding=(1, 1), bias=False)
          (bn2): BatchNorm2d(256, eps=1e-05, momentum=0.1, affine=True, track_running_stats=True)
          (conv3): Conv2d(256, 1024, kernel_size=(1, 1), stride=(1, 1), bias=False)
          (bn3): BatchNorm2d(1024, eps=1e-05, momentum=0.1, affine=True, track_running_stats=True)
          (relu): ReLU(inplace=True)
        )
        (23): Bottleneck(
          (conv1): Conv2d(1024, 256, kernel_size=(1, 1), stride=(1, 1), bias=False)
          (bn1): BatchNorm2d(256, eps=1e-05, momentum=0.1, affine=True, track_running_stats=True)
          (conv2): Conv2d(256, 256, kernel_size=(3, 3), stride=(1, 1), padding=(1, 1), bias=False)
          (bn2): BatchNorm2d(256, eps=1e-05, momentum=0.1, affine=True, track_running_stats=True)
          (conv3): Conv2d(256, 1024, kernel_size=(1, 1), stride=(1, 1), bias=False)
          (bn3): BatchNorm2d(1024, eps=1e-05, momentum=0.1, affine=True, track_running_stats=True)
          (relu): ReLU(inplace=True)
        )
        (24): Bottleneck(
          (conv1): Conv2d(1024, 256, kernel_size=(1, 1), stride=(1, 1), bias=False)
          (bn1): BatchNorm2d(256, eps=1e-05, momentum=0.1, affine=True, track_running_stats=True)
          (conv2): Conv2d(256, 256, kernel_size=(3, 3), stride=(1, 1), padding=(1, 1), bias=False)
          (bn2): BatchNorm2d(256, eps=1e-05, momentum=0.1, affine=True, track_running_stats=True)
          (conv3): Conv2d(256, 1024, kernel_size=(1, 1), stride=(1, 1), bias=False)
          (bn3): BatchNorm2d(1024, eps=1e-05, momentum=0.1, affine=True, track_running_stats=True)
          (relu): ReLU(inplace=True)
        )
        (25): Bottleneck(
          (conv1): Conv2d(1024, 256, kernel_size=(1, 1), stride=(1, 1), bias=False)
          (bn1): BatchNorm2d(256, eps=1e-05, momentum=0.1, affine=True, track_running_stats=True)
          (conv2): Conv2d(256, 256, kernel_size=(3, 3), stride=(1, 1), padding=(1, 1), bias=False)
          (bn2): BatchNorm2d(256, eps=1e-05, momentum=0.1, affine=True, track_running_stats=True)
          (conv3): Conv2d(256, 1024, kernel_size=(1, 1), stride=(1, 1), bias=False)
          (bn3): BatchNorm2d(1024, eps=1e-05, momentum=0.1, affine=True, track_running_stats=True)
          (relu): ReLU(inplace=True)
        )
        (26): Bottleneck(
          (conv1): Conv2d(1024, 256, kernel_size=(1, 1), stride=(1, 1), bias=False)
          (bn1): BatchNorm2d(256, eps=1e-05, momentum=0.1, affine=True, track_running_stats=True)
          (conv2): Conv2d(256, 256, kernel_size=(3, 3), stride=(1, 1), padding=(1, 1), bias=False)
          (bn2): BatchNorm2d(256, eps=1e-05, momentum=0.1, affine=True, track_running_stats=True)
          (conv3): Conv2d(256, 1024, kernel_size=(1, 1), stride=(1, 1), bias=False)
          (bn3): BatchNorm2d(1024, eps=1e-05, momentum=0.1, affine=True, track_running_stats=True)
          (relu): ReLU(inplace=True)
        )
        (27): Bottleneck(
          (conv1): Conv2d(1024, 256, kernel_size=(1, 1), stride=(1, 1), bias=False)
          (bn1): BatchNorm2d(256, eps=1e-05, momentum=0.1, affine=True, track_running_stats=True)
          (conv2): Conv2d(256, 256, kernel_size=(3, 3), stride=(1, 1), padding=(1, 1), bias=False)
          (bn2): BatchNorm2d(256, eps=1e-05, momentum=0.1, affine=True, track_running_stats=True)
          (conv3): Conv2d(256, 1024, kernel_size=(1, 1), stride=(1, 1), bias=False)
          (bn3): BatchNorm2d(1024, eps=1e-05, momentum=0.1, affine=True, track_running_stats=True)
          (relu): ReLU(inplace=True)
        )
        (28): Bottleneck(
          (conv1): Conv2d(1024, 256, kernel_size=(1, 1), stride=(1, 1), bias=False)
          (bn1): BatchNorm2d(256, eps=1e-05, momentum=0.1, affine=True, track_running_stats=True)
          (conv2): Conv2d(256, 256, kernel_size=(3, 3), stride=(1, 1), padding=(1, 1), bias=False)
          (bn2): BatchNorm2d(256, eps=1e-05, momentum=0.1, affine=True, track_running_stats=True)
          (conv3): Conv2d(256, 1024, kernel_size=(1, 1), stride=(1, 1), bias=False)
          (bn3): BatchNorm2d(1024, eps=1e-05, momentum=0.1, affine=True, track_running_stats=True)
          (relu): ReLU(inplace=True)
        )
        (29): Bottleneck(
          (conv1): Conv2d(1024, 256, kernel_size=(1, 1), stride=(1, 1), bias=False)
          (bn1): BatchNorm2d(256, eps=1e-05, momentum=0.1, affine=True, track_running_stats=True)
          (conv2): Conv2d(256, 256, kernel_size=(3, 3), stride=(1, 1), padding=(1, 1), bias=False)
          (bn2): BatchNorm2d(256, eps=1e-05, momentum=0.1, affine=True, track_running_stats=True)
          (conv3): Conv2d(256, 1024, kernel_size=(1, 1), stride=(1, 1), bias=False)
          (bn3): BatchNorm2d(1024, eps=1e-05, momentum=0.1, affine=True, track_running_stats=True)
          (relu): ReLU(inplace=True)
        )
        (30): Bottleneck(
          (conv1): Conv2d(1024, 256, kernel_size=(1, 1), stride=(1, 1), bias=False)
          (bn1): BatchNorm2d(256, eps=1e-05, momentum=0.1, affine=True, track_running_stats=True)
          (conv2): Conv2d(256, 256, kernel_size=(3, 3), stride=(1, 1), padding=(1, 1), bias=False)
          (bn2): BatchNorm2d(256, eps=1e-05, momentum=0.1, affine=True, track_running_stats=True)
          (conv3): Conv2d(256, 1024, kernel_size=(1, 1), stride=(1, 1), bias=False)
          (bn3): BatchNorm2d(1024, eps=1e-05, momentum=0.1, affine=True, track_running_stats=True)
          (relu): ReLU(inplace=True)
        )
        (31): Bottleneck(
          (conv1): Conv2d(1024, 256, kernel_size=(1, 1), stride=(1, 1), bias=False)
          (bn1): BatchNorm2d(256, eps=1e-05, momentum=0.1, affine=True, track_running_stats=True)
          (conv2): Conv2d(256, 256, kernel_size=(3, 3), stride=(1, 1), padding=(1, 1), bias=False)
          (bn2): BatchNorm2d(256, eps=1e-05, momentum=0.1, affine=True, track_running_stats=True)
          (conv3): Conv2d(256, 1024, kernel_size=(1, 1), stride=(1, 1), bias=False)
          (bn3): BatchNorm2d(1024, eps=1e-05, momentum=0.1, affine=True, track_running_stats=True)
          (relu): ReLU(inplace=True)
        )
        (32): Bottleneck(
          (conv1): Conv2d(1024, 256, kernel_size=(1, 1), stride=(1, 1), bias=False)
          (bn1): BatchNorm2d(256, eps=1e-05, momentum=0.1, affine=True, track_running_stats=True)
          (conv2): Conv2d(256, 256, kernel_size=(3, 3), stride=(1, 1), padding=(1, 1), bias=False)
          (bn2): BatchNorm2d(256, eps=1e-05, momentum=0.1, affine=True, track_running_stats=True)
          (conv3): Conv2d(256, 1024, kernel_size=(1, 1), stride=(1, 1), bias=False)
          (bn3): BatchNorm2d(1024, eps=1e-05, momentum=0.1, affine=True, track_running_stats=True)
          (relu): ReLU(inplace=True)
        )
        (33): Bottleneck(
          (conv1): Conv2d(1024, 256, kernel_size=(1, 1), stride=(1, 1), bias=False)
          (bn1): BatchNorm2d(256, eps=1e-05, momentum=0.1, affine=True, track_running_stats=True)
          (conv2): Conv2d(256, 256, kernel_size=(3, 3), stride=(1, 1), padding=(1, 1), bias=False)
          (bn2): BatchNorm2d(256, eps=1e-05, momentum=0.1, affine=True, track_running_stats=True)
          (conv3): Conv2d(256, 1024, kernel_size=(1, 1), stride=(1, 1), bias=False)
          (bn3): BatchNorm2d(1024, eps=1e-05, momentum=0.1, affine=True, track_running_stats=True)
          (relu): ReLU(inplace=True)
        )
        (34): Bottleneck(
          (conv1): Conv2d(1024, 256, kernel_size=(1, 1), stride=(1, 1), bias=False)
          (bn1): BatchNorm2d(256, eps=1e-05, momentum=0.1, affine=True, track_running_stats=True)
          (conv2): Conv2d(256, 256, kernel_size=(3, 3), stride=(1, 1), padding=(1, 1), bias=False)
          (bn2): BatchNorm2d(256, eps=1e-05, momentum=0.1, affine=True, track_running_stats=True)
          (conv3): Conv2d(256, 1024, kernel_size=(1, 1), stride=(1, 1), bias=False)
          (bn3): BatchNorm2d(1024, eps=1e-05, momentum=0.1, affine=True, track_running_stats=True)
          (relu): ReLU(inplace=True)
        )
        (35): Bottleneck(
          (conv1): Conv2d(1024, 256, kernel_size=(1, 1), stride=(1, 1), bias=False)
          (bn1): BatchNorm2d(256, eps=1e-05, momentum=0.1, affine=True, track_running_stats=True)
          (conv2): Conv2d(256, 256, kernel_size=(3, 3), stride=(1, 1), padding=(1, 1), bias=False)
          (bn2): BatchNorm2d(256, eps=1e-05, momentum=0.1, affine=True, track_running_stats=True)
          (conv3): Conv2d(256, 1024, kernel_size=(1, 1), stride=(1, 1), bias=False)
          (bn3): BatchNorm2d(1024, eps=1e-05, momentum=0.1, affine=True, track_running_stats=True)
          (relu): ReLU(inplace=True)
        )
      )
      (7): Sequential(
        (0): Bottleneck(
          (conv1): Conv2d(1024, 512, kernel_size=(1, 1), stride=(1, 1), bias=False)
          (bn1): BatchNorm2d(512, eps=1e-05, momentum=0.1, affine=True, track_running_stats=True)
          (conv2): Conv2d(512, 512, kernel_size=(3, 3), stride=(2, 2), padding=(1, 1), bias=False)
          (bn2): BatchNorm2d(512, eps=1e-05, momentum=0.1, affine=True, track_running_stats=True)
          (conv3): Conv2d(512, 2048, kernel_size=(1, 1), stride=(1, 1), bias=False)
          (bn3): BatchNorm2d(2048, eps=1e-05, momentum=0.1, affine=True, track_running_stats=True)
          (relu): ReLU(inplace=True)
          (downsample): Sequential(
            (0): Conv2d(1024, 2048, kernel_size=(1, 1), stride=(2, 2), bias=False)
            (1): BatchNorm2d(2048, eps=1e-05, momentum=0.1, affine=True, track_running_stats=True)
          )
        )
        (1): Bottleneck(
          (conv1): Conv2d(2048, 512, kernel_size=(1, 1), stride=(1, 1), bias=False)
          (bn1): BatchNorm2d(512, eps=1e-05, momentum=0.1, affine=True, track_running_stats=True)
          (conv2): Conv2d(512, 512, kernel_size=(3, 3), stride=(1, 1), padding=(1, 1), bias=False)
          (bn2): BatchNorm2d(512, eps=1e-05, momentum=0.1, affine=True, track_running_stats=True)
          (conv3): Conv2d(512, 2048, kernel_size=(1, 1), stride=(1, 1), bias=False)
          (bn3): BatchNorm2d(2048, eps=1e-05, momentum=0.1, affine=True, track_running_stats=True)
          (relu): ReLU(inplace=True)
        )
        (2): Bottleneck(
          (conv1): Conv2d(2048, 512, kernel_size=(1, 1), stride=(1, 1), bias=False)
          (bn1): BatchNorm2d(512, eps=1e-05, momentum=0.1, affine=True, track_running_stats=True)
          (conv2): Conv2d(512, 512, kernel_size=(3, 3), stride=(1, 1), padding=(1, 1), bias=False)
          (bn2): BatchNorm2d(512, eps=1e-05, momentum=0.1, affine=True, track_running_stats=True)
          (conv3): Conv2d(512, 2048, kernel_size=(1, 1), stride=(1, 1), bias=False)
          (bn3): BatchNorm2d(2048, eps=1e-05, momentum=0.1, affine=True, track_running_stats=True)
          (relu): ReLU(inplace=True)
        )
      )
      (8): AdaptiveAvgPool2d(output_size=(1, 1))
    )
    (fc_out): Linear(in_features=2048, out_features=512, bias=True)
    (norm): BatchNorm1d(512, eps=1e-05, momentum=0.01, affine=True, track_running_stats=True)
  )
  (decoderRNN): MultiDecoder(
    (embed): Embedding(10216, 512)
    (attn_decoder): Transformer(
      (encoder): TransformerEncoder(
        (layers): ModuleList(
          (0): TransformerEncoderLayer(
            (self_attn): MultiheadAttention(
              (out_proj): NonDynamicallyQuantizableLinear(in_features=512, out_features=512, bias=True)
            )
            (linear1): Linear(in_features=512, out_features=1024, bias=True)
            (dropout): Dropout(p=0.1, inplace=False)
            (linear2): Linear(in_features=1024, out_features=512, bias=True)
            (norm1): LayerNorm((512,), eps=1e-05, elementwise_affine=True)
            (norm2): LayerNorm((512,), eps=1e-05, elementwise_affine=True)
            (dropout1): Dropout(p=0.1, inplace=False)
            (dropout2): Dropout(p=0.1, inplace=False)
          )
          (1): TransformerEncoderLayer(
            (self_attn): MultiheadAttention(
              (out_proj): NonDynamicallyQuantizableLinear(in_features=512, out_features=512, bias=True)
            )
            (linear1): Linear(in_features=512, out_features=1024, bias=True)
            (dropout): Dropout(p=0.1, inplace=False)
            (linear2): Linear(in_features=1024, out_features=512, bias=True)
            (norm1): LayerNorm((512,), eps=1e-05, elementwise_affine=True)
            (norm2): LayerNorm((512,), eps=1e-05, elementwise_affine=True)
            (dropout1): Dropout(p=0.1, inplace=False)
            (dropout2): Dropout(p=0.1, inplace=False)
          )
          (2): TransformerEncoderLayer(
            (self_attn): MultiheadAttention(
              (out_proj): NonDynamicallyQuantizableLinear(in_features=512, out_features=512, bias=True)
            )
            (linear1): Linear(in_features=512, out_features=1024, bias=True)
            (dropout): Dropout(p=0.1, inplace=False)
            (linear2): Linear(in_features=1024, out_features=512, bias=True)
            (norm1): LayerNorm((512,), eps=1e-05, elementwise_affine=True)
            (norm2): LayerNorm((512,), eps=1e-05, elementwise_affine=True)
            (dropout1): Dropout(p=0.1, inplace=False)
            (dropout2): Dropout(p=0.1, inplace=False)
          )
        )
        (norm): LayerNorm((512,), eps=1e-05, elementwise_affine=True)
      )
      (decoder): TransformerDecoder(
        (layers): ModuleList(
          (0): TransformerDecoderLayer(
            (self_attn): MultiheadAttention(
              (out_proj): NonDynamicallyQuantizableLinear(in_features=512, out_features=512, bias=True)
            )
            (multihead_attn): MultiheadAttention(
              (out_proj): NonDynamicallyQuantizableLinear(in_features=512, out_features=512, bias=True)
            )
            (linear1): Linear(in_features=512, out_features=1024, bias=True)
            (dropout): Dropout(p=0.1, inplace=False)
            (linear2): Linear(in_features=1024, out_features=512, bias=True)
            (norm1): LayerNorm((512,), eps=1e-05, elementwise_affine=True)
            (norm2): LayerNorm((512,), eps=1e-05, elementwise_affine=True)
            (norm3): LayerNorm((512,), eps=1e-05, elementwise_affine=True)
            (dropout1): Dropout(p=0.1, inplace=False)
            (dropout2): Dropout(p=0.1, inplace=False)
            (dropout3): Dropout(p=0.1, inplace=False)
          )
          (1): TransformerDecoderLayer(
            (self_attn): MultiheadAttention(
              (out_proj): NonDynamicallyQuantizableLinear(in_features=512, out_features=512, bias=True)
            )
            (multihead_attn): MultiheadAttention(
              (out_proj): NonDynamicallyQuantizableLinear(in_features=512, out_features=512, bias=True)
            )
            (linear1): Linear(in_features=512, out_features=1024, bias=True)
            (dropout): Dropout(p=0.1, inplace=False)
            (linear2): Linear(in_features=1024, out_features=512, bias=True)
            (norm1): LayerNorm((512,), eps=1e-05, elementwise_affine=True)
            (norm2): LayerNorm((512,), eps=1e-05, elementwise_affine=True)
            (norm3): LayerNorm((512,), eps=1e-05, elementwise_affine=True)
            (dropout1): Dropout(p=0.1, inplace=False)
            (dropout2): Dropout(p=0.1, inplace=False)
            (dropout3): Dropout(p=0.1, inplace=False)
          )
          (2): TransformerDecoderLayer(
            (self_attn): MultiheadAttention(
              (out_proj): NonDynamicallyQuantizableLinear(in_features=512, out_features=512, bias=True)
            )
            (multihead_attn): MultiheadAttention(
              (out_proj): NonDynamicallyQuantizableLinear(in_features=512, out_features=512, bias=True)
            )
            (linear1): Linear(in_features=512, out_features=1024, bias=True)
            (dropout): Dropout(p=0.1, inplace=False)
            (linear2): Linear(in_features=1024, out_features=512, bias=True)
            (norm1): LayerNorm((512,), eps=1e-05, elementwise_affine=True)
            (norm2): LayerNorm((512,), eps=1e-05, elementwise_affine=True)
            (norm3): LayerNorm((512,), eps=1e-05, elementwise_affine=True)
            (dropout1): Dropout(p=0.1, inplace=False)
            (dropout2): Dropout(p=0.1, inplace=False)
            (dropout3): Dropout(p=0.1, inplace=False)
          )
        )
        (norm): LayerNorm((512,), eps=1e-05, elementwise_affine=True)
      )
    )
    (rnn_decoder): GRU(512, 2096, num_layers=3, batch_first=True)
    (fc_rnn_out): Linear(in_features=2096, out_features=10216, bias=True)
    (fc_attn_out): Linear(in_features=512, out_features=10216, bias=True)
  )
)
Using cuda

iteration: 0
Loss:18.52973175048828
Predicted:
